07/04/2018 10:52:25	Este log contém informações sobre a operação do esquema importado no projeto 'Pessoal.Database' no computador '3P40_07' pelo usuário 'sa4007'.
07/04/2018 10:52:25	A importação do esquema de banco de dados foi iniciada.
07/04/2018 10:52:33	Coletando opções de banco de dados
07/04/2018 10:52:33	Coletando usuários
07/04/2018 10:52:33	Coletando funções
07/04/2018 10:52:33	Coletando funções de aplicativo
07/04/2018 10:52:33	Coletando associações de função
07/04/2018 10:52:33	Coletando grupos de arquivos
07/04/2018 10:52:33	Coletando catálogos de texto completo
07/04/2018 10:52:33	Coletando assemblies
07/04/2018 10:52:33	Coletando certificados
07/04/2018 10:52:33	Coletando chaves assimétricas
07/04/2018 10:52:33	Coletando chaves simétricas
07/04/2018 10:52:33	Coletando chaves simétricas criptografadas
07/04/2018 10:52:33	Coletando esquemas
07/04/2018 10:52:33	Coletando coleções de esquema XML
07/04/2018 10:52:33	Coletando tipos de dados definidos pelo usuário
07/04/2018 10:52:33	Coletando tipos definidos pelo usuário
07/04/2018 10:52:33	Coletando tipos de tabela
07/04/2018 10:52:33	Coletando chaves exclusivas para tipos de tabela
07/04/2018 10:52:33	Coletando chaves primárias para tipos de tabela
07/04/2018 10:52:33	Reunindo índices para tipos de tabela
07/04/2018 10:52:33	Coletando restrições de verificação para tipos de tabela
07/04/2018 10:52:33	Coletando restrições padrão para tipos de tabela
07/04/2018 10:52:33	Coletando funções de partição
07/04/2018 10:52:33	Coletando esquemas de partição
07/04/2018 10:52:33	Coletando funções
07/04/2018 10:52:33	Coletando funções criptografadas
07/04/2018 10:52:33	Coletando agregações
07/04/2018 10:52:33	Coletando procedimentos
07/04/2018 10:52:33	Coletando procedimentos criptografados
07/04/2018 10:52:33	Coletando tabelas
07/04/2018 10:52:33	Coletando chaves primárias
07/04/2018 10:52:33	Coletando restrições exclusivas
07/04/2018 10:52:33	Coletando chaves estrangeiras
07/04/2018 10:52:33	Coletando restrições padrão
07/04/2018 10:52:33	Coletando restrições de verificação
07/04/2018 10:52:33	Coletando exibições
07/04/2018 10:52:33	Coletando exibições criptografadas
07/04/2018 10:52:33	Coletando índices
07/04/2018 10:52:33	Coletando estatísticas
07/04/2018 10:52:33	Coletando listas de palavras irrelevantes de índice de texto completo
07/04/2018 10:52:33	Coletando listas de propriedades de pesquisa
07/04/2018 10:52:33	Coletando propriedades de pesquisa
07/04/2018 10:52:33	Coletando índices de texto completo
07/04/2018 10:52:33	Coletando índices de repositório de coluna
07/04/2018 10:52:33	Coletando índices espaciais
07/04/2018 10:52:33	Coletando índices XML
07/04/2018 10:52:33	Reunindo índices XML Seletivos
07/04/2018 10:52:33	Coletando gatilhos criptografados
07/04/2018 10:52:33	Coletando gatilhos
07/04/2018 10:52:33	Coletando gatilhos ddl criptografados e clr
07/04/2018 10:52:33	Coletando gatilhos ddl
07/04/2018 10:52:33	Coletando sinônimos
07/04/2018 10:52:33	Coletando padrões
07/04/2018 10:52:33	Coletando ligações uddt de restrições de dados
07/04/2018 10:52:33	Coletando regras
07/04/2018 10:52:33	Coletando ligações uddt de restrições de dados
07/04/2018 10:52:33	Coletando tipos de mensagem
07/04/2018 10:52:33	Coletando filas
07/04/2018 10:52:33	Coletando contratos
07/04/2018 10:52:33	Coletando serviços
07/04/2018 10:52:33	Coletando notificações de eventos
07/04/2018 10:52:33	Coletando ligações de serviço remoto
07/04/2018 10:52:33	Coletando prioridades do agente
07/04/2018 10:52:33	Coletando assinaturas
07/04/2018 10:52:33	Coletando opções de compactação de dados
07/04/2018 10:52:33	Coletando tipos de sequência
07/04/2018 10:52:33	Coletando propriedades estendidas
07/04/2018 10:52:34	Coletando credenciais
07/04/2018 10:52:34	Coletando logons
07/04/2018 10:52:34	Coletando auditorias de servidor
07/04/2018 10:52:35	Examinando projeto para elementos duplicados
07/04/2018 10:52:35	Processamento de elementos duplicados concluído
07/04/2018 10:52:35	Importação do banco de dados concluída.
07/04/2018 10:52:35	Um resumo da importação foi salvo no seguinte local: C:\Users\sa4007\Desktop\ImpactAspNetVS2017\ImpactaAspNetVS2017\ImpactaAspNetVS2017\Pessoal.Database\Importar Logs de Esquema\Pessoal.Database_20180407015225.log.
07/04/2018 10:52:35	Clique em Concluir para continuar...
